<?xml version="1.0" encoding="UTF-8"?>
<!-- Generated by org.testng.reporters.JUnitReportReporter -->
<testsuite skipped="0" hostname="Kalyan-PC" name="script.BS14Script" tests="1" failures="0" timestamp="22 Oct 2019 07:10:25 GMT" time="35.269" errors="0">
  <testcase name="oneGramGold" time="35.269" classname="script.BS14Script"/>
</testsuite> <!-- script.BS14Script -->
