<?xml version="1.0" encoding="UTF-8"?>
<!-- Generated by org.testng.reporters.JUnitReportReporter -->
<testsuite skipped="0" hostname="Kalyan-PC" name="script.BS21Script" tests="1" failures="0" timestamp="21 Oct 2019 12:18:51 GMT" time="24.423" errors="0">
  <testcase name="oneGramGold" time="24.423" classname="script.BS21Script"/>
</testsuite> <!-- script.BS21Script -->
