<?xml version="1.0" encoding="UTF-8"?>
<!-- Generated by org.testng.reporters.JUnitReportReporter -->
<testsuite skipped="0" hostname="Kalyan-PC" name="script.OpenChrome" tests="1" failures="0" timestamp="21 Oct 2019 09:02:00 GMT" time="0.012" errors="0">
  <testcase name="OpenBrowser" time="0.012" classname="script.OpenChrome"/>
</testsuite> <!-- script.OpenChrome -->
