<?xml version="1.0" encoding="UTF-8"?>
<!-- Generated by org.testng.reporters.JUnitReportReporter -->
<testsuite skipped="0" hostname="Kalyan-PC" name="script.BS11Script" tests="1" failures="0" timestamp="21 Oct 2019 09:11:34 GMT" time="26.064" errors="0">
  <testcase name="oneGramGold" time="26.064" classname="script.BS11Script"/>
</testsuite> <!-- script.BS11Script -->
